<?xml version="1.0" encoding="UTF-8"?>
<robot generator="Robot 7.3.2 (Python 3.13.9 on win32)" generated="2025-11-11T14:13:47.972263" rpa="false" schemaversion="5">
<suite id="s1" name="Orangehrm" source="C:\Users\kebal khadka\Desktop\Orangehrm">
<suite id="s1-s1" name="Tests" source="C:\Users\kebal khadka\Desktop\Orangehrm\tests">
<suite id="s1-s1-s1" name="Test Login" source="C:\Users\kebal khadka\Desktop\Orangehrm\tests\test_login.robot">
<test id="s1-s1-s1-t1" name="Valid login test" line="12">
<kw name="Load Json From File" owner="JSONLibrary">
<msg time="2025-11-11T14:13:48.423931" level="INFO">${data} = {'valid_login': {'username': 'Admin', 'password': 'admin123', 'expected_result': 'Dashboard page is displayed'}, 'relogin_after_logout': {'username': 'Admin', 'password': 'admin123', 'expected_result'...</msg>
<var>${data}</var>
<arg>${Data_File}</arg>
<doc>Load JSON from file.</doc>
<status status="PASS" start="2025-11-11T14:13:48.423314" elapsed="0.000680"/>
</kw>
<kw name="Set Variable" owner="BuiltIn">
<msg time="2025-11-11T14:13:48.425010" level="INFO">${username} = Admin</msg>
<var>${username}</var>
<arg>${data['valid_login']['username']}</arg>
<doc>Returns the given values which can then be assigned to a variables.</doc>
<status status="PASS" start="2025-11-11T14:13:48.424317" elapsed="0.000743"/>
</kw>
<kw name="Set Variable" owner="BuiltIn">
<msg time="2025-11-11T14:13:48.425934" level="INFO">${password} = admin123</msg>
<var>${password}</var>
<arg>${data['valid_login']['password']}</arg>
<doc>Returns the given values which can then be assigned to a variables.</doc>
<status status="PASS" start="2025-11-11T14:13:48.425330" elapsed="0.000649"/>
</kw>
<kw name="Open Login Page" owner="login_page">
<kw name="Open Browser" owner="SeleniumLibrary">
<msg time="2025-11-11T14:13:48.426889" level="INFO">Opening browser 'chrome' to base url 'https://opensource-demo.orangehrmlive.com/'.</msg>
<arg>https://opensource-demo.orangehrmlive.com/</arg>
<arg>chrome</arg>
<doc>Opens a new browser instance to the optional ``url``.</doc>
<status status="PASS" start="2025-11-11T14:13:48.426665" elapsed="5.683483"/>
</kw>
<kw name="Maximize Browser Window" owner="SeleniumLibrary">
<doc>Maximizes current browser window.</doc>
<status status="PASS" start="2025-11-11T14:13:54.110446" elapsed="0.038029"/>
</kw>
<kw name="Wait Until Element Is Visible" owner="SeleniumLibrary">
<arg>${USERNAME_INPUT}</arg>
<doc>Waits until the element ``locator`` is visible.</doc>
<status status="PASS" start="2025-11-11T14:13:54.148753" elapsed="1.325116"/>
</kw>
<status status="PASS" start="2025-11-11T14:13:48.426325" elapsed="7.047711"/>
</kw>
<kw name="Login with credentials" owner="login_page">
<kw name="Input Username" owner="login_page">
<kw name="Input Text" owner="SeleniumLibrary">
<msg time="2025-11-11T14:13:55.475567" level="INFO">Typing text 'Admin' into text field 'xpath=//input[@name="username"]'.</msg>
<arg>${USERNAME_INPUT}</arg>
<arg>${username}</arg>
<doc>Types the given ``text`` into the text field identified by ``locator``.</doc>
<status status="PASS" start="2025-11-11T14:13:55.475277" elapsed="0.083730"/>
</kw>
<arg>${username}</arg>
<status status="PASS" start="2025-11-11T14:13:55.474944" elapsed="0.084234"/>
</kw>
<kw name="Input Password" owner="login_page">
<kw name="Input Text" owner="SeleniumLibrary">
<msg time="2025-11-11T14:13:55.560166" level="INFO">Typing text 'admin123' into text field 'xpath=//input[@name="password"]'.</msg>
<arg>${PASSWORD_INPUT}</arg>
<arg>${password}</arg>
<doc>Types the given ``text`` into the text field identified by ``locator``.</doc>
<status status="PASS" start="2025-11-11T14:13:55.559867" elapsed="0.085300"/>
</kw>
<arg>${password}</arg>
<status status="PASS" start="2025-11-11T14:13:55.559396" elapsed="0.085958"/>
</kw>
<kw name="Click Login" owner="login_page">
<kw name="Click Button" owner="SeleniumLibrary">
<msg time="2025-11-11T14:13:55.646322" level="INFO">Clicking button 'xpath=//button[@type="submit"]'.</msg>
<arg>${LOGIN_BUTTON}</arg>
<doc>Clicks the button identified by ``locator``.</doc>
<status status="PASS" start="2025-11-11T14:13:55.645991" elapsed="0.096064"/>
</kw>
<status status="PASS" start="2025-11-11T14:13:55.645603" elapsed="0.096628"/>
</kw>
<arg>${username}</arg>
<arg>${password}</arg>
<status status="PASS" start="2025-11-11T14:13:55.474452" elapsed="0.267884"/>
</kw>
<kw name="Page Should Be Dashboard" owner="login_page">
<kw name="Wait Until Element Is Visible" owner="SeleniumLibrary">
<arg>xpath=//h6[contains(@class,"oxd-topbar-header-breadcrumb-module")]</arg>
<doc>Waits until the element ``locator`` is visible.</doc>
<status status="PASS" start="2025-11-11T14:13:55.743070" elapsed="2.548349"/>
</kw>
<kw name="Get Text" owner="SeleniumLibrary">
<msg time="2025-11-11T14:13:58.313581" level="INFO">${title} = Dashboard</msg>
<var>${title}</var>
<arg>xpath=//h6[contains(@class,"oxd-topbar-header-breadcrumb-module")]</arg>
<doc>Returns the text value of the element identified by ``locator``.</doc>
<status status="PASS" start="2025-11-11T14:13:58.291670" elapsed="0.021999"/>
</kw>
<kw name="Should Be Equal" owner="BuiltIn">
<arg>${title}</arg>
<arg>Dashboard</arg>
<doc>Fails if the given objects are unequal.</doc>
<status status="PASS" start="2025-11-11T14:13:58.313952" elapsed="0.000357"/>
</kw>
<status status="PASS" start="2025-11-11T14:13:55.742715" elapsed="2.571751"/>
</kw>
<kw name="Close Browser" owner="SeleniumLibrary">
<doc>Closes the current browser.</doc>
<status status="PASS" start="2025-11-11T14:13:58.314813" elapsed="2.136263"/>
</kw>
<status status="PASS" start="2025-11-11T14:13:48.421784" elapsed="12.029703"/>
</test>
<status status="PASS" start="2025-11-11T14:13:48.016687" elapsed="12.435671"/>
</suite>
<status status="PASS" start="2025-11-11T14:13:48.015024" elapsed="12.438415"/>
</suite>
<status status="PASS" start="2025-11-11T14:13:47.974464" elapsed="12.479858"/>
</suite>
<statistics>
<total>
<stat pass="1" fail="0" skip="0">All Tests</stat>
</total>
<tag>
</tag>
<suite>
<stat name="Orangehrm" id="s1" pass="1" fail="0" skip="0">Orangehrm</stat>
<stat name="Tests" id="s1-s1" pass="1" fail="0" skip="0">Orangehrm.Tests</stat>
<stat name="Test Login" id="s1-s1-s1" pass="1" fail="0" skip="0">Orangehrm.Tests.Test Login</stat>
</suite>
</statistics>
<errors>
</errors>
</robot>
